[ 2016-12-23T16:52:18+08:00 ] ::1 ::1 GET /tp/tpadmin/public/admin/index/index.html
[ log ] localhost/tp/tpadmin/public/admin/index/index.html [运行时间：0.883670s][吞吐率：1.13req/s] [内存消耗：7,023.84kb] [文件加载：72]
[ info ] [ LANG ] F:\wamp\www\tp\tpadmin\thinkphp\lang\zh-cn.php
[ info ] [ ROUTE ] array (
  'type' => 'module',
  'module' => 
  array (
    0 => 'admin',
    1 => 'index',
    2 => 'index',
  ),
)
[ info ] [ HEADER ] array (
  'host' => 'localhost',
  'user-agent' => 'Mozilla/5.0 (Windows NT 10.0; WOW64; rv:50.0) Gecko/20100101 Firefox/50.0',
  'accept' => 'text/html,application/xhtml+xml,application/xml;q=0.9,*/*;q=0.8',
  'accept-language' => 'zh-CN,zh;q=0.8,en-US;q=0.5,en;q=0.3',
  'accept-encoding' => 'gzip, deflate',
  'referer' => 'http://localhost/tp/tpadmin/public/admin/pub/login.html',
  'cookie' => 'thinkphp_show_page_trace=0|0; followMe=true; taskBar=taskBar; CNZZDATA1257798523=102136712-1464769838-http%253A%252F%252Flocalhost%253A8072%252F%7C1479972776; pgv_pvi=2671648768; __utma=111872281.177614974.1478831499.1479105797.1479719189.3; __utmz=111872281.1478831499.1.1.utmcsr=(direct)|utmccn=(direct)|utmcmd=(none); pgv_si=s7129986048; PHPSESSID=bmqibr5dguqiep7fr38sr5nns5',
  'connection' => 'keep-alive',
  'upgrade-insecure-requests' => '1',
)
[ info ] [ PARAM ] array (
)
[ info ] [ SESSION ] INIT array (
  'id' => '',
  'var_session_id' => '',
  'prefix' => 'think',
  'type' => '',
  'auto_start' => true,
)
[ info ] [ BEHAVIOR ] Run \app\common\behavior\WebLog @module_init [ RunTime:0.152891s ]
[ info ] [ RUN ] app\admin\controller\Index->index[ F:\wamp\www\tp\tpadmin\application\admin\controller\Index.php ]
[ info ] [ DB ] INIT mysql
[ info ] [ VIEW ] F:\wamp\www\tp\tpadmin\public/../application/admin\view\index\index.html [ array (
  0 => 'groups',
  1 => 'menu',
) ]
[ info ] [ RUN ] app\admin\widget\Index->menu[ F:\wamp\www\tp\tpadmin\application\admin\widget\Index.php ]
[ info ] [ RUN ] app\admin\widget\Index->menu[ F:\wamp\www\tp\tpadmin\application\admin\widget\Index.php ]
[ info ] [ RUN ] app\admin\widget\Index->menu[ F:\wamp\www\tp\tpadmin\application\admin\widget\Index.php ]
[ info ] [ RUN ] app\admin\widget\Index->menu[ F:\wamp\www\tp\tpadmin\application\admin\widget\Index.php ]
[ info ] [ RUN ] app\admin\widget\Index->menu[ F:\wamp\www\tp\tpadmin\application\admin\widget\Index.php ]
[ info ] [ RUN ] app\admin\widget\Index->menu[ F:\wamp\www\tp\tpadmin\application\admin\widget\Index.php ]
[ info ] [ RUN ] app\admin\widget\Index->menu[ F:\wamp\www\tp\tpadmin\application\admin\widget\Index.php ]
[ info ] [ RUN ] app\admin\widget\Index->menu[ F:\wamp\www\tp\tpadmin\application\admin\widget\Index.php ]
[ info ] [ RUN ] app\admin\widget\Index->menu[ F:\wamp\www\tp\tpadmin\application\admin\widget\Index.php ]
[ info ] [ RUN ] app\admin\widget\Index->menu[ F:\wamp\www\tp\tpadmin\application\admin\widget\Index.php ]
[ info ] [ RUN ] app\admin\widget\Index->menu[ F:\wamp\www\tp\tpadmin\application\admin\widget\Index.php ]
[ info ] [ RUN ] app\admin\widget\Index->menu[ F:\wamp\www\tp\tpadmin\application\admin\widget\Index.php ]
[ info ] [ RUN ] app\admin\widget\Index->menu[ F:\wamp\www\tp\tpadmin\application\admin\widget\Index.php ]
[ info ] [ RUN ] app\admin\widget\Index->menu[ F:\wamp\www\tp\tpadmin\application\admin\widget\Index.php ]
[ info ] [ RUN ] app\admin\widget\Index->menu[ F:\wamp\www\tp\tpadmin\application\admin\widget\Index.php ]
[ info ] [ RUN ] app\admin\widget\Index->menu[ F:\wamp\www\tp\tpadmin\application\admin\widget\Index.php ]
[ info ] [ RUN ] app\admin\widget\Index->menu[ F:\wamp\www\tp\tpadmin\application\admin\widget\Index.php ]
[ info ] [ RUN ] app\admin\widget\Index->menu[ F:\wamp\www\tp\tpadmin\application\admin\widget\Index.php ]
[ info ] [ RUN ] app\admin\widget\Index->menu[ F:\wamp\www\tp\tpadmin\application\admin\widget\Index.php ]
[ info ] [ RUN ] app\admin\widget\Index->menu[ F:\wamp\www\tp\tpadmin\application\admin\widget\Index.php ]
[ info ] [ RUN ] app\admin\widget\Index->menu[ F:\wamp\www\tp\tpadmin\application\admin\widget\Index.php ]
[ info ] [ BEHAVIOR ] Run \app\common\behavior\WebLog @app_end [ RunTime:0.022235s ]
[ info ] [ LOG ] INIT File
[ sql ] [ DB ] CONNECT:[ UseTime:0.058272s ] mysql:dbname=tpadmin;host=127.0.0.1;port=3306;charset=utf8
[ sql ] [ SQL ] SHOW COLUMNS FROM `tp_admin_node` [ RunTime:0.006487s ]
[ sql ] [ SQL ] SELECT `id`,`pid`,`name`,`group_id`,`title`,`type` FROM `tp_admin_node` WHERE  (  status=1 AND group_id > 0 ) [ RunTime:0.030491s ]
[ sql ] [ SQL ] SHOW COLUMNS FROM `tp_admin_group` [ RunTime:0.005463s ]
[ sql ] [ SQL ] SELECT `id`,`name`,`icon` FROM `tp_admin_group` WHERE  `id` IN (1,2)  AND `status` = 1 ORDER BY sort asc,id asc [ RunTime:0.008191s ]
[ sql ] [ SQL ] SHOW COLUMNS FROM `tp_web_log_all` [ RunTime:0.004743s ]
[ sql ] [ SQL ] INSERT INTO `tp_web_log_all` (`uid` , `ip` , `location` , `os` , `browser` , `url` , `module` , `controller` , `action` , `method` , `data` , `create_at`) VALUES (1 , '0.0.0.0' , '保留地址 保留地址  ' , 'Windows 10' , 'Firefox(50.0)' , 'http://localhost/tp/tpadmin/public/admin/index/index.html' , 'admin' , 'Index' , 'index' , 'GET' , 'a:0:{}' , 1482483138) [ RunTime:0.015518s ]

---------------------------------------------------------------
[ 2016-12-23T16:52:19+08:00 ] ::1 ::1 GET /tp/tpadmin/public/admin/index/welcome.html
[ log ] localhost/tp/tpadmin/public/admin/index/welcome.html [运行时间：0.086678s][吞吐率：11.54req/s] [内存消耗：6,929.64kb] [文件加载：70]
[ info ] [ LANG ] F:\wamp\www\tp\tpadmin\thinkphp\lang\zh-cn.php
[ info ] [ ROUTE ] array (
  'type' => 'module',
  'module' => 
  array (
    0 => 'admin',
    1 => 'index',
    2 => 'welcome',
  ),
)
[ info ] [ HEADER ] array (
  'host' => 'localhost',
  'user-agent' => 'Mozilla/5.0 (Windows NT 10.0; WOW64; rv:50.0) Gecko/20100101 Firefox/50.0',
  'accept' => 'text/html,application/xhtml+xml,application/xml;q=0.9,*/*;q=0.8',
  'accept-language' => 'zh-CN,zh;q=0.8,en-US;q=0.5,en;q=0.3',
  'accept-encoding' => 'gzip, deflate',
  'referer' => 'http://localhost/tp/tpadmin/public/admin/index/index.html',
  'cookie' => 'thinkphp_show_page_trace=0|0; followMe=true; taskBar=taskBar; CNZZDATA1257798523=102136712-1464769838-http%253A%252F%252Flocalhost%253A8072%252F%7C1479972776; pgv_pvi=2671648768; __utma=111872281.177614974.1478831499.1479105797.1479719189.3; __utmz=111872281.1478831499.1.1.utmcsr=(direct)|utmccn=(direct)|utmcmd=(none); pgv_si=s7129986048; PHPSESSID=bmqibr5dguqiep7fr38sr5nns5',
  'connection' => 'keep-alive',
  'upgrade-insecure-requests' => '1',
)
[ info ] [ PARAM ] array (
)
[ info ] [ SESSION ] INIT array (
  'id' => '',
  'var_session_id' => '',
  'prefix' => 'think',
  'type' => '',
  'auto_start' => true,
)
[ info ] [ BEHAVIOR ] Run \app\common\behavior\WebLog @module_init [ RunTime:0.005873s ]
[ info ] [ RUN ] app\admin\controller\Index->welcome[ F:\wamp\www\tp\tpadmin\application\admin\controller\Index.php ]
[ info ] [ DB ] INIT mysql
[ info ] [ VIEW ] F:\wamp\www\tp\tpadmin\public/../application/admin\view\index\welcome.html [ array (
  0 => 'last_login_ip',
  1 => 'last_login_loc',
  2 => 'current_login_ip',
  3 => 'current_login_loc',
  4 => 'info',
) ]
[ info ] [ BEHAVIOR ] Run \app\common\behavior\WebLog @app_end [ RunTime:0.006812s ]
[ info ] [ LOG ] INIT File
[ sql ] [ DB ] CONNECT:[ UseTime:0.010583s ] mysql:dbname=tpadmin;host=127.0.0.1;port=3306;charset=utf8
[ sql ] [ SQL ] SHOW COLUMNS FROM `tp_admin_user` [ RunTime:0.007746s ]
[ sql ] [ SQL ] SELECT * FROM `tp_admin_user` WHERE  `id` = 1 LIMIT 1 [ RunTime:0.000465s ]
[ sql ] [ SQL ] SHOW COLUMNS FROM `tp_web_log_all` [ RunTime:0.004546s ]
[ sql ] [ SQL ] INSERT INTO `tp_web_log_all` (`uid` , `ip` , `location` , `os` , `browser` , `url` , `module` , `controller` , `action` , `method` , `data` , `create_at`) VALUES (1 , '0.0.0.0' , '保留地址 保留地址  ' , 'Windows 10' , 'Firefox(50.0)' , 'http://localhost/tp/tpadmin/public/admin/index/welcome.html' , 'admin' , 'Index' , 'welcome' , 'GET' , 'a:0:{}' , 1482483139) [ RunTime:0.000485s ]

---------------------------------------------------------------
